# JRE version: OpenJDK Runtime Environment (8.0_76-b03) (build 1.8.0_76-release-b03)
# Java VM: OpenJDK 64-Bit Server VM (25.76-b03 mixed mode windows-amd64 compressed oops)
Heap:
 PSYoungGen      total 790016K, used 534705K [0x000000076ab00000, 0x00000007b9d80000, 0x00000007c0000000)
  eden space 505856K, 64% used [0x000000076ab00000,0x000000077e74cde0,0x0000000789900000)
  from space 284160K, 74% used [0x0000000789900000,0x00000007966df8c0,0x000000079ae80000)
  to   space 355328K, 0% used [0x00000007a4280000,0x00000007a4280000,0x00000007b9d80000)
 ParOldGen       total 823808K, used 583998K [0x00000006c0000000, 0x00000006f2480000, 0x000000076ab00000)
  object space 823808K, 70% used [0x00000006c0000000,0x00000006e3a4fbc8,0x00000006f2480000)
 Metaspace       used 6443K, capacity 7280K, committed 7552K, reserved 1056768K
  class space    used 587K, capacity 616K, committed 640K, reserved 1048576K
GC Heap History (10 events):
Event: 34.653 GC heap before
{Heap before GC invocations=25 (full 5):
 PSYoungGen      total 670720K, used 597295K [0x000000076ab00000, 0x00000007a4680000, 0x00000007c0000000)
  eden space 464896K, 100% used [0x000000076ab00000,0x0000000787100000,0x0000000787100000)
  from space 205824K, 64% used [0x0000000787100000,0x000000078f24bcb8,0x0000000793a00000)
  to   space 214016K, 0% used [0x0000000797580000,0x0000000797580000,0x00000007a4680000)
 ParOldGen       total 584192K, used 396533K [0x00000006c0000000, 0x00000006e3a80000, 0x000000076ab00000)
  object space 584192K, 67% used [0x00000006c0000000,0x00000006d833d520,0x00000006e3a80000)
 Metaspace       used 6438K, capacity 7280K, committed 7552K, reserved 1056768K
  class space    used 587K, capacity 616K, committed 640K, reserved 1048576K
Event: 34.983 GC heap after
Heap after GC invocations=25 (full 5):
 PSYoungGen      total 683008K, used 214008K [0x000000076ab00000, 0x00000007aaa80000, 0x00000007c0000000)
  eden space 468992K, 0% used [0x000000076ab00000,0x000000076ab00000,0x0000000787500000)
  from space 214016K, 99% used [0x0000000797580000,0x00000007a467e108,0x00000007a4680000)
  to   space 262656K, 0% used [0x0000000787500000,0x0000000787500000,0x0000000797580000)
 ParOldGen       total 584192K, used 430731K [0x00000006c0000000, 0x00000006e3a80000, 0x000000076ab00000)
  object space 584192K, 73% used [0x00000006c0000000,0x00000006da4a2de8,0x00000006e3a80000)
 Metaspace       used 6438K, capacity 7280K, committed 7552K, reserved 1056768K
  class space    used 587K, capacity 616K, committed 640K, reserved 1048576K
}
Event: 36.714 GC heap before
{Heap before GC invocations=26 (full 5):
 PSYoungGen      total 683008K, used 683000K [0x000000076ab00000, 0x00000007aaa80000, 0x00000007c0000000)
  eden space 468992K, 100% used [0x000000076ab00000,0x0000000787500000,0x0000000787500000)
  from space 214016K, 99% used [0x0000000797580000,0x00000007a467e108,0x00000007a4680000)
  to   space 262656K, 0% used [0x0000000787500000,0x0000000787500000,0x0000000797580000)
 ParOldGen       total 584192K, used 430731K [0x00000006c0000000, 0x00000006e3a80000, 0x000000076ab00000)
  object space 584192K, 73% used [0x00000006c0000000,0x00000006da4a2de8,0x00000006e3a80000)
 Metaspace       used 6439K, capacity 7280K, committed 7552K, reserved 1056768K
  class space    used 587K, capacity 616K, committed 640K, reserved 1048576K
Event: 37.012 GC heap after
Heap after GC invocations=26 (full 5):
 PSYoungGen      total 731648K, used 138251K [0x000000076ab00000, 0x00000007aad80000, 0x00000007c0000000)
  eden space 468992K, 0% used [0x000000076ab00000,0x000000076ab00000,0x0000000787500000)
  from space 262656K, 52% used [0x0000000787500000,0x000000078fc02c58,0x0000000797580000)
  to   space 261120K, 0% used [0x000000079ae80000,0x000000079ae80000,0x00000007aad80000)
 ParOldGen       total 584192K, used 499166K [0x00000006c0000000, 0x00000006e3a80000, 0x000000076ab00000)
  object space 584192K, 85% used [0x00000006c0000000,0x00000006de777810,0x00000006e3a80000)
 Metaspace       used 6439K, capacity 7280K, committed 7552K, reserved 1056768K
  class space    used 587K, capacity 616K, committed 640K, reserved 1048576K
}
Event: 38.284 GC heap before
{Heap before GC invocations=27 (full 5):
 PSYoungGen      total 731648K, used 607243K [0x000000076ab00000, 0x00000007aad80000, 0x00000007c0000000)
  eden space 468992K, 100% used [0x000000076ab00000,0x0000000787500000,0x0000000787500000)
  from space 262656K, 52% used [0x0000000787500000,0x000000078fc02c58,0x0000000797580000)
  to   space 261120K, 0% used [0x000000079ae80000,0x000000079ae80000,0x00000007aad80000)
 ParOldGen       total 584192K, used 499166K [0x00000006c0000000, 0x00000006e3a80000, 0x000000076ab00000)
  object space 584192K, 85% used [0x00000006c0000000,0x00000006de777810,0x00000006e3a80000)
 Metaspace       used 6441K, capacity 7280K, committed 7552K, reserved 1056768K
  class space    used 587K, capacity 616K, committed 640K, reserved 1048576K
Event: 38.688 GC heap after
Heap after GC invocations=27 (full 5):
 PSYoungGen      total 766976K, used 206132K [0x000000076ab00000, 0x00000007ae280000, 0x00000007c0000000)
  eden space 505856K, 0% used [0x000000076ab00000,0x000000076ab00000,0x0000000789900000)
  from space 261120K, 78% used [0x000000079ae80000,0x00000007a77cd228,0x00000007aad80000)
  to   space 284160K, 0% used [0x0000000789900000,0x0000000789900000,0x000000079ae80000)
 ParOldGen       total 584192K, used 499174K [0x00000006c0000000, 0x00000006e3a80000, 0x000000076ab00000)
  object space 584192K, 85% used [0x00000006c0000000,0x00000006de779810,0x00000006e3a80000)
 Metaspace       used 6441K, capacity 7280K, committed 7552K, reserved 1056768K
  class space    used 587K, capacity 616K, committed 640K, reserved 1048576K
}
Event: 40.243 GC heap before
{Heap before GC invocations=28 (full 5):
 PSYoungGen      total 766976K, used 711988K [0x000000076ab00000, 0x00000007ae280000, 0x00000007c0000000)
  eden space 505856K, 100% used [0x000000076ab00000,0x0000000789900000,0x0000000789900000)
  from space 261120K, 78% used [0x000000079ae80000,0x00000007a77cd228,0x00000007aad80000)
  to   space 284160K, 0% used [0x0000000789900000,0x0000000789900000,0x000000079ae80000)
 ParOldGen       total 584192K, used 499174K [0x00000006c0000000, 0x00000006e3a80000, 0x000000076ab00000)
  object space 584192K, 85% used [0x00000006c0000000,0x00000006de779810,0x00000006e3a80000)
 Metaspace       used 6443K, capacity 7280K, committed 7552K, reserved 1056768K
  class space    used 587K, capacity 616K, committed 640K, reserved 1048576K
Event: 40.781 GC heap after
Heap after GC invocations=28 (full 5):
 PSYoungGen      total 790016K, used 284143K [0x000000076ab00000, 0x00000007b9d80000, 0x00000007c0000000)
  eden space 505856K, 0% used [0x000000076ab00000,0x000000076ab00000,0x0000000789900000)
  from space 284160K, 99% used [0x0000000789900000,0x000000079ae7bd70,0x000000079ae80000)
  to   space 355328K, 0% used [0x00000007a4280000,0x00000007a4280000,0x00000007b9d80000)
 ParOldGen       total 584192K, used 566015K [0x00000006c0000000, 0x00000006e3a80000, 0x000000076ab00000)
  object space 584192K, 96% used [0x00000006c0000000,0x00000006e28bfc40,0x00000006e3a80000)
 Metaspace       used 6443K, capacity 7280K, committed 7552K, reserved 1056768K
  class space    used 587K, capacity 616K, committed 640K, reserved 1048576K
}
Event: 40.781 GC heap before
{Heap before GC invocations=29 (full 6):
 PSYoungGen      total 790016K, used 284143K [0x000000076ab00000, 0x00000007b9d80000, 0x00000007c0000000)
  eden space 505856K, 0% used [0x000000076ab00000,0x000000076ab00000,0x0000000789900000)
  from space 284160K, 99% used [0x0000000789900000,0x000000079ae7bd70,0x000000079ae80000)
  to   space 355328K, 0% used [0x00000007a4280000,0x00000007a4280000,0x00000007b9d80000)
 ParOldGen       total 584192K, used 566015K [0x00000006c0000000, 0x00000006e3a80000, 0x000000076ab00000)
  object space 584192K, 96% used [0x00000006c0000000,0x00000006e28bfc40,0x00000006e3a80000)
 Metaspace       used 6443K, capacity 7280K, committed 7552K, reserved 1056768K
  class space    used 587K, capacity 616K, committed 640K, reserved 1048576K
Event: 44.753 GC heap after
Heap after GC invocations=29 (full 6):
 PSYoungGen      total 790016K, used 210814K [0x000000076ab00000, 0x00000007b9d80000, 0x00000007c0000000)
  eden space 505856K, 0% used [0x000000076ab00000,0x000000076ab00000,0x0000000789900000)
  from space 284160K, 74% used [0x0000000789900000,0x00000007966df8c0,0x000000079ae80000)
  to   space 355328K, 0% used [0x00000007a4280000,0x00000007a4280000,0x00000007b9d80000)
 ParOldGen       total 823808K, used 583998K [0x00000006c0000000, 0x00000006f2480000, 0x000000076ab00000)
  object space 823808K, 70% used [0x00000006c0000000,0x00000006e3a4fbc8,0x00000006f2480000)
 Metaspace       used 6443K, capacity 7280K, committed 7552K, reserved 1056768K
  class space    used 587K, capacity 616K, committed 640K, reserved 1048576K
}

