# JRE version: OpenJDK Runtime Environment (8.0_76-b03) (build 1.8.0_76-release-b03)
# Java VM: OpenJDK 64-Bit Server VM (25.76-b03 mixed mode windows-amd64 compressed oops)
Heap:
 PSYoungGen      total 465408K, used 214334K [0x000000076ab00000, 0x0000000793200000, 0x00000007c0000000)
  eden space 306688K, 33% used [0x000000076ab00000,0x0000000770eab0e8,0x000000077d680000)
  from space 158720K, 70% used [0x0000000789700000,0x00000007904a4898,0x0000000793200000)
  to   space 129536K, 0% used [0x000000077d680000,0x000000077d680000,0x0000000785500000)
 ParOldGen       total 406016K, used 405930K [0x00000006c0000000, 0x00000006d8c80000, 0x000000076ab00000)
  object space 406016K, 99% used [0x00000006c0000000,0x00000006d8c6ab70,0x00000006d8c80000)
 Metaspace       used 6435K, capacity 7280K, committed 7552K, reserved 1056768K
  class space    used 587K, capacity 616K, committed 640K, reserved 1048576K
GC Heap History (10 events):
Event: 27.905 GC heap before
{Heap before GC invocations=23 (full 4):
 PSYoungGen      total 386048K, used 333145K [0x000000076ab00000, 0x0000000789680000, 0x00000007c0000000)
  eden space 303104K, 100% used [0x000000076ab00000,0x000000077d300000,0x000000077d300000)
  from space 82944K, 36% used [0x0000000782e80000,0x0000000784bd66e8,0x0000000787f80000)
  to   space 93696K, 0% used [0x000000077d300000,0x000000077d300000,0x0000000782e80000)
 ParOldGen       total 406016K, used 266711K [0x00000006c0000000, 0x00000006d8c80000, 0x000000076ab00000)
  object space 406016K, 65% used [0x00000006c0000000,0x00000006d0475fd0,0x00000006d8c80000)
 Metaspace       used 6421K, capacity 7280K, committed 7552K, reserved 1056768K
  class space    used 585K, capacity 616K, committed 640K, reserved 1048576K
Event: 28.201 GC heap after
Heap after GC invocations=23 (full 4):
 PSYoungGen      total 396800K, used 77434K [0x000000076ab00000, 0x000000078ba00000, 0x00000007c0000000)
  eden space 303104K, 0% used [0x000000076ab00000,0x000000076ab00000,0x000000077d300000)
  from space 93696K, 82% used [0x000000077d300000,0x0000000781e9e940,0x0000000782e80000)
  to   space 103424K, 0% used [0x0000000785500000,0x0000000785500000,0x000000078ba00000)
 ParOldGen       total 406016K, used 266719K [0x00000006c0000000, 0x00000006d8c80000, 0x000000076ab00000)
  object space 406016K, 65% used [0x00000006c0000000,0x00000006d0477fd0,0x00000006d8c80000)
 Metaspace       used 6421K, capacity 7280K, committed 7552K, reserved 1056768K
  class space    used 585K, capacity 616K, committed 640K, reserved 1048576K
}
Event: 33.227 GC heap before
{Heap before GC invocations=24 (full 4):
 PSYoungGen      total 396800K, used 380538K [0x000000076ab00000, 0x000000078ba00000, 0x00000007c0000000)
  eden space 303104K, 100% used [0x000000076ab00000,0x000000077d300000,0x000000077d300000)
  from space 93696K, 82% used [0x000000077d300000,0x0000000781e9e940,0x0000000782e80000)
  to   space 103424K, 0% used [0x0000000785500000,0x0000000785500000,0x000000078ba00000)
 ParOldGen       total 406016K, used 266719K [0x00000006c0000000, 0x00000006d8c80000, 0x000000076ab00000)
  object space 406016K, 65% used [0x00000006c0000000,0x00000006d0477fd0,0x00000006d8c80000)
 Metaspace       used 6425K, capacity 7280K, committed 7552K, reserved 1056768K
  class space    used 585K, capacity 616K, committed 640K, reserved 1048576K
Event: 33.488 GC heap after
Heap after GC invocations=24 (full 4):
 PSYoungGen      total 410112K, used 103400K [0x000000076ab00000, 0x000000078eb00000, 0x00000007c0000000)
  eden space 306688K, 0% used [0x000000076ab00000,0x000000076ab00000,0x000000077d680000)
  from space 103424K, 99% used [0x0000000785500000,0x000000078b9fa048,0x000000078ba00000)
  to   space 129536K, 0% used [0x000000077d680000,0x000000077d680000,0x0000000785500000)
 ParOldGen       total 406016K, used 290386K [0x00000006c0000000, 0x00000006d8c80000, 0x000000076ab00000)
  object space 406016K, 71% used [0x00000006c0000000,0x00000006d1b94be0,0x00000006d8c80000)
 Metaspace       used 6425K, capacity 7280K, committed 7552K, reserved 1056768K
  class space    used 585K, capacity 616K, committed 640K, reserved 1048576K
}
Event: 34.237 GC heap before
{Heap before GC invocations=25 (full 4):
 PSYoungGen      total 410112K, used 410088K [0x000000076ab00000, 0x000000078eb00000, 0x00000007c0000000)
  eden space 306688K, 100% used [0x000000076ab00000,0x000000077d680000,0x000000077d680000)
  from space 103424K, 99% used [0x0000000785500000,0x000000078b9fa048,0x000000078ba00000)
  to   space 129536K, 0% used [0x000000077d680000,0x000000077d680000,0x0000000785500000)
 ParOldGen       total 406016K, used 290386K [0x00000006c0000000, 0x00000006d8c80000, 0x000000076ab00000)
  object space 406016K, 71% used [0x00000006c0000000,0x00000006d1b94be0,0x00000006d8c80000)
 Metaspace       used 6427K, capacity 7280K, committed 7552K, reserved 1056768K
  class space    used 585K, capacity 616K, committed 640K, reserved 1048576K
Event: 34.442 GC heap after
Heap after GC invocations=25 (full 4):
 PSYoungGen      total 436224K, used 129533K [0x000000076ab00000, 0x0000000793200000, 0x00000007c0000000)
  eden space 306688K, 0% used [0x000000076ab00000,0x000000076ab00000,0x000000077d680000)
  from space 129536K, 99% used [0x000000077d680000,0x00000007854ff788,0x0000000785500000)
  to   space 158720K, 0% used [0x0000000789700000,0x0000000789700000,0x0000000793200000)
 ParOldGen       total 406016K, used 310082K [0x00000006c0000000, 0x00000006d8c80000, 0x000000076ab00000)
  object space 406016K, 76% used [0x00000006c0000000,0x00000006d2ed0bf8,0x00000006d8c80000)
 Metaspace       used 6427K, capacity 7280K, committed 7552K, reserved 1056768K
  class space    used 585K, capacity 616K, committed 640K, reserved 1048576K
}
Event: 35.654 GC heap before
{Heap before GC invocations=26 (full 4):
 PSYoungGen      total 436224K, used 436221K [0x000000076ab00000, 0x0000000793200000, 0x00000007c0000000)
  eden space 306688K, 100% used [0x000000076ab00000,0x000000077d680000,0x000000077d680000)
  from space 129536K, 99% used [0x000000077d680000,0x00000007854ff788,0x0000000785500000)
  to   space 158720K, 0% used [0x0000000789700000,0x0000000789700000,0x0000000793200000)
 ParOldGen       total 406016K, used 310082K [0x00000006c0000000, 0x00000006d8c80000, 0x000000076ab00000)
  object space 406016K, 76% used [0x00000006c0000000,0x00000006d2ed0bf8,0x00000006d8c80000)
 Metaspace       used 6427K, capacity 7280K, committed 7552K, reserved 1056768K
  class space    used 585K, capacity 616K, committed 640K, reserved 1048576K
Event: 35.960 GC heap after
Heap after GC invocations=26 (full 4):
 PSYoungGen      total 465408K, used 129220K [0x000000076ab00000, 0x0000000793200000, 0x00000007c0000000)
  eden space 306688K, 0% used [0x000000076ab00000,0x000000076ab00000,0x000000077d680000)
  from space 158720K, 81% used [0x0000000789700000,0x0000000791531290,0x0000000793200000)
  to   space 129536K, 0% used [0x000000077d680000,0x000000077d680000,0x0000000785500000)
 ParOldGen       total 406016K, used 395665K [0x00000006c0000000, 0x00000006d8c80000, 0x000000076ab00000)
  object space 406016K, 97% used [0x00000006c0000000,0x00000006d8264668,0x00000006d8c80000)
 Metaspace       used 6427K, capacity 7280K, committed 7552K, reserved 1056768K
  class space    used 585K, capacity 616K, committed 640K, reserved 1048576K
}
Event: 35.960 GC heap before
{Heap before GC invocations=27 (full 5):
 PSYoungGen      total 465408K, used 129220K [0x000000076ab00000, 0x0000000793200000, 0x00000007c0000000)
  eden space 306688K, 0% used [0x000000076ab00000,0x000000076ab00000,0x000000077d680000)
  from space 158720K, 81% used [0x0000000789700000,0x0000000791531290,0x0000000793200000)
  to   space 129536K, 0% used [0x000000077d680000,0x000000077d680000,0x0000000785500000)
 ParOldGen       total 406016K, used 395665K [0x00000006c0000000, 0x00000006d8c80000, 0x000000076ab00000)
  object space 406016K, 97% used [0x00000006c0000000,0x00000006d8264668,0x00000006d8c80000)
 Metaspace       used 6427K, capacity 7280K, committed 7552K, reserved 1056768K
  class space    used 585K, capacity 616K, committed 640K, reserved 1048576K
Event: 38.917 GC heap after
Heap after GC invocations=27 (full 5):
 PSYoungGen      total 465408K, used 112274K [0x000000076ab00000, 0x0000000793200000, 0x00000007c0000000)
  eden space 306688K, 0% used [0x000000076ab00000,0x000000076ab00000,0x000000077d680000)
  from space 158720K, 70% used [0x0000000789700000,0x00000007904a4898,0x0000000793200000)
  to   space 129536K, 0% used [0x000000077d680000,0x000000077d680000,0x0000000785500000)
 ParOldGen       total 406016K, used 405930K [0x00000006c0000000, 0x00000006d8c80000, 0x000000076ab00000)
  object space 406016K, 99% used [0x00000006c0000000,0x00000006d8c6ab70,0x00000006d8c80000)
 Metaspace       used 6427K, capacity 7280K, committed 7552K, reserved 1056768K
  class space    used 585K, capacity 616K, committed 640K, reserved 1048576K
}

