# JRE version: OpenJDK Runtime Environment (8.0_76-b03) (build 1.8.0_76-release-b03)
# Java VM: OpenJDK 64-Bit Server VM (25.76-b03 mixed mode windows-amd64 compressed oops)
Heap:
 PSYoungGen      total 244736K, used 13554K [0x00000000eab00000, 0x0000000100000000, 0x0000000100000000)
  eden space 217600K, 4% used [0x00000000eab00000,0x00000000eb4c2670,0x00000000f7f80000)
  from space 27136K, 13% used [0x00000000fba00000,0x00000000fbd7a478,0x00000000fd480000)
  to   space 59904K, 0% used [0x00000000f7f80000,0x00000000f7f80000,0x00000000fba00000)
 ParOldGen       total 174080K, used 97874K [0x00000000c0000000, 0x00000000caa00000, 0x00000000eab00000)
  object space 174080K, 56% used [0x00000000c0000000,0x00000000c5f948e8,0x00000000caa00000)
 Metaspace       used 6666K, capacity 7536K, committed 7808K, reserved 1056768K
  class space    used 602K, capacity 616K, committed 640K, reserved 1048576K
GC Heap History (10 events):
Event: 56.377 GC heap before
{Heap before GC invocations=8 (full 1):
 PSYoungGen      total 145408K, used 17396K [0x00000000eab00000, 0x00000000fdb00000, 0x0000000100000000)
  eden space 128000K, 0% used [0x00000000eab00000,0x00000000eab00000,0x00000000f2800000)
  from space 17408K, 99% used [0x00000000f2800000,0x00000000f38fd2f8,0x00000000f3900000)
  to   space 27648K, 0% used [0x00000000fc000000,0x00000000fc000000,0x00000000fdb00000)
 ParOldGen       total 44032K, used 40672K [0x00000000c0000000, 0x00000000c2b00000, 0x00000000eab00000)
  object space 44032K, 92% used [0x00000000c0000000,0x00000000c27b82b8,0x00000000c2b00000)
 Metaspace       used 6236K, capacity 7152K, committed 7296K, reserved 1056768K
  class space    used 583K, capacity 616K, committed 640K, reserved 1048576K
Event: 58.672 GC heap after
Heap after GC invocations=8 (full 1):
 PSYoungGen      total 145408K, used 11690K [0x00000000eab00000, 0x00000000fdb00000, 0x0000000100000000)
  eden space 128000K, 0% used [0x00000000eab00000,0x00000000eab00000,0x00000000f2800000)
  from space 17408K, 67% used [0x00000000f2800000,0x00000000f336a940,0x00000000f3900000)
  to   space 27648K, 0% used [0x00000000fc000000,0x00000000fc000000,0x00000000fdb00000)
 ParOldGen       total 86016K, used 43778K [0x00000000c0000000, 0x00000000c5400000, 0x00000000eab00000)
  object space 86016K, 50% used [0x00000000c0000000,0x00000000c2ac0b40,0x00000000c5400000)
 Metaspace       used 6236K, capacity 7152K, committed 7296K, reserved 1056768K
  class space    used 583K, capacity 616K, committed 640K, reserved 1048576K
}
Event: 69.242 GC heap before
{Heap before GC invocations=9 (full 1):
 PSYoungGen      total 145408K, used 139690K [0x00000000eab00000, 0x00000000fdb00000, 0x0000000100000000)
  eden space 128000K, 100% used [0x00000000eab00000,0x00000000f2800000,0x00000000f2800000)
  from space 17408K, 67% used [0x00000000f2800000,0x00000000f336a940,0x00000000f3900000)
  to   space 27648K, 0% used [0x00000000fc000000,0x00000000fc000000,0x00000000fdb00000)
 ParOldGen       total 86016K, used 43778K [0x00000000c0000000, 0x00000000c5400000, 0x00000000eab00000)
  object space 86016K, 50% used [0x00000000c0000000,0x00000000c2ac0b40,0x00000000c5400000)
 Metaspace       used 6274K, capacity 7216K, committed 7296K, reserved 1056768K
  class space    used 583K, capacity 616K, committed 640K, reserved 1048576K
Event: 69.366 GC heap after
Heap after GC invocations=9 (full 1):
 PSYoungGen      total 200192K, used 27623K [0x00000000eab00000, 0x00000000fdb00000, 0x0000000100000000)
  eden space 172544K, 0% used [0x00000000eab00000,0x00000000eab00000,0x00000000f5380000)
  from space 27648K, 99% used [0x00000000fc000000,0x00000000fdaf9ec0,0x00000000fdb00000)
  to   space 33792K, 0% used [0x00000000f9900000,0x00000000f9900000,0x00000000fba00000)
 ParOldGen       total 86016K, used 46395K [0x00000000c0000000, 0x00000000c5400000, 0x00000000eab00000)
  object space 86016K, 53% used [0x00000000c0000000,0x00000000c2d4ef90,0x00000000c5400000)
 Metaspace       used 6274K, capacity 7216K, committed 7296K, reserved 1056768K
  class space    used 583K, capacity 616K, committed 640K, reserved 1048576K
}
Event: 76.088 GC heap before
{Heap before GC invocations=10 (full 1):
 PSYoungGen      total 200192K, used 200167K [0x00000000eab00000, 0x00000000fdb00000, 0x0000000100000000)
  eden space 172544K, 100% used [0x00000000eab00000,0x00000000f5380000,0x00000000f5380000)
  from space 27648K, 99% used [0x00000000fc000000,0x00000000fdaf9ec0,0x00000000fdb00000)
  to   space 33792K, 0% used [0x00000000f9900000,0x00000000f9900000,0x00000000fba00000)
 ParOldGen       total 86016K, used 46395K [0x00000000c0000000, 0x00000000c5400000, 0x00000000eab00000)
  object space 86016K, 53% used [0x00000000c0000000,0x00000000c2d4ef90,0x00000000c5400000)
 Metaspace       used 6279K, capacity 7216K, committed 7296K, reserved 1056768K
  class space    used 583K, capacity 616K, committed 640K, reserved 1048576K
Event: 76.332 GC heap after
Heap after GC invocations=10 (full 1):
 PSYoungGen      total 246272K, used 33771K [0x00000000eab00000, 0x00000000fd480000, 0x0000000100000000)
  eden space 212480K, 0% used [0x00000000eab00000,0x00000000eab00000,0x00000000f7a80000)
  from space 33792K, 99% used [0x00000000f9900000,0x00000000fb9fae30,0x00000000fba00000)
  to   space 27136K, 0% used [0x00000000fba00000,0x00000000fba00000,0x00000000fd480000)
 ParOldGen       total 86016K, used 62874K [0x00000000c0000000, 0x00000000c5400000, 0x00000000eab00000)
  object space 86016K, 73% used [0x00000000c0000000,0x00000000c3d66868,0x00000000c5400000)
 Metaspace       used 6279K, capacity 7216K, committed 7296K, reserved 1056768K
  class space    used 583K, capacity 616K, committed 640K, reserved 1048576K
}
Event: 88.906 GC heap before
{Heap before GC invocations=11 (full 1):
 PSYoungGen      total 246272K, used 246251K [0x00000000eab00000, 0x00000000fd480000, 0x0000000100000000)
  eden space 212480K, 100% used [0x00000000eab00000,0x00000000f7a80000,0x00000000f7a80000)
  from space 33792K, 99% used [0x00000000f9900000,0x00000000fb9fae30,0x00000000fba00000)
  to   space 27136K, 0% used [0x00000000fba00000,0x00000000fba00000,0x00000000fd480000)
 ParOldGen       total 86016K, used 62874K [0x00000000c0000000, 0x00000000c5400000, 0x00000000eab00000)
  object space 86016K, 73% used [0x00000000c0000000,0x00000000c3d66868,0x00000000c5400000)
 Metaspace       used 6592K, capacity 7472K, committed 7552K, reserved 1056768K
  class space    used 600K, capacity 616K, committed 640K, reserved 1048576K
Event: 89.034 GC heap after
Heap after GC invocations=11 (full 1):
 PSYoungGen      total 244736K, used 27117K [0x00000000eab00000, 0x0000000100000000, 0x0000000100000000)
  eden space 217600K, 0% used [0x00000000eab00000,0x00000000eab00000,0x00000000f7f80000)
  from space 27136K, 99% used [0x00000000fba00000,0x00000000fd47b4d0,0x00000000fd480000)
  to   space 59904K, 0% used [0x00000000f7f80000,0x00000000f7f80000,0x00000000fba00000)
 ParOldGen       total 98304K, used 98163K [0x00000000c0000000, 0x00000000c6000000, 0x00000000eab00000)
  object space 98304K, 99% used [0x00000000c0000000,0x00000000c5fdcda0,0x00000000c6000000)
 Metaspace       used 6592K, capacity 7472K, committed 7552K, reserved 1056768K
  class space    used 600K, capacity 616K, committed 640K, reserved 1048576K
}
Event: 89.034 GC heap before
{Heap before GC invocations=12 (full 2):
 PSYoungGen      total 244736K, used 27117K [0x00000000eab00000, 0x0000000100000000, 0x0000000100000000)
  eden space 217600K, 0% used [0x00000000eab00000,0x00000000eab00000,0x00000000f7f80000)
  from space 27136K, 99% used [0x00000000fba00000,0x00000000fd47b4d0,0x00000000fd480000)
  to   space 59904K, 0% used [0x00000000f7f80000,0x00000000f7f80000,0x00000000fba00000)
 ParOldGen       total 98304K, used 98163K [0x00000000c0000000, 0x00000000c6000000, 0x00000000eab00000)
  object space 98304K, 99% used [0x00000000c0000000,0x00000000c5fdcda0,0x00000000c6000000)
 Metaspace       used 6592K, capacity 7472K, committed 7552K, reserved 1056768K
  class space    used 600K, capacity 616K, committed 640K, reserved 1048576K
Event: 93.056 GC heap after
Heap after GC invocations=12 (full 2):
 PSYoungGen      total 244736K, used 3561K [0x00000000eab00000, 0x0000000100000000, 0x0000000100000000)
  eden space 217600K, 0% used [0x00000000eab00000,0x00000000eab00000,0x00000000f7f80000)
  from space 27136K, 13% used [0x00000000fba00000,0x00000000fbd7a478,0x00000000fd480000)
  to   space 59904K, 0% used [0x00000000f7f80000,0x00000000f7f80000,0x00000000fba00000)
 ParOldGen       total 174080K, used 97874K [0x00000000c0000000, 0x00000000caa00000, 0x00000000eab00000)
  object space 174080K, 56% used [0x00000000c0000000,0x00000000c5f948e8,0x00000000caa00000)
 Metaspace       used 6592K, capacity 7472K, committed 7552K, reserved 1056768K
  class space    used 600K, capacity 616K, committed 640K, reserved 1048576K
}

