# JRE version: OpenJDK Runtime Environment (8.0_76-b03) (build 1.8.0_76-release-b03)
# Java VM: OpenJDK 64-Bit Server VM (25.76-b03 mixed mode windows-amd64 compressed oops)
Heap:
 PSYoungGen      total 73216K, used 32K [0x00000000eab00000, 0x00000000efa00000, 0x0000000100000000)
  eden space 65536K, 0% used [0x00000000eab00000,0x00000000eab00000,0x00000000eeb00000)
  from space 7680K, 0% used [0x00000000eeb00000,0x00000000eeb08000,0x00000000ef280000)
  to   space 7168K, 0% used [0x00000000ef300000,0x00000000ef300000,0x00000000efa00000)
 ParOldGen       total 52736K, used 38767K [0x00000000c0000000, 0x00000000c3380000, 0x00000000eab00000)
  object space 52736K, 73% used [0x00000000c0000000,0x00000000c25dbdd8,0x00000000c3380000)
 Metaspace       used 4684K, capacity 5424K, committed 5632K, reserved 1056768K
  class space    used 479K, capacity 488K, committed 512K, reserved 1048576K
GC Heap History (10 events):
Event: 2.044 GC heap after
Heap after GC invocations=8 (full 0):
 PSYoungGen      total 72704K, used 3742K [0x00000000eab00000, 0x00000000efa00000, 0x0000000100000000)
  eden space 65536K, 0% used [0x00000000eab00000,0x00000000eab00000,0x00000000eeb00000)
  from space 7168K, 52% used [0x00000000ef300000,0x00000000ef6a78d8,0x00000000efa00000)
  to   space 7680K, 0% used [0x00000000eeb00000,0x00000000eeb00000,0x00000000ef280000)
 ParOldGen       total 44032K, used 26024K [0x00000000c0000000, 0x00000000c2b00000, 0x00000000eab00000)
  object space 44032K, 59% used [0x00000000c0000000,0x00000000c196a1f8,0x00000000c2b00000)
 Metaspace       used 4420K, capacity 5424K, committed 5632K, reserved 1056768K
  class space    used 449K, capacity 488K, committed 512K, reserved 1048576K
}
Event: 2.427 GC heap before
{Heap before GC invocations=9 (full 0):
 PSYoungGen      total 72704K, used 69278K [0x00000000eab00000, 0x00000000efa00000, 0x0000000100000000)
  eden space 65536K, 100% used [0x00000000eab00000,0x00000000eeb00000,0x00000000eeb00000)
  from space 7168K, 52% used [0x00000000ef300000,0x00000000ef6a78d8,0x00000000efa00000)
  to   space 7680K, 0% used [0x00000000eeb00000,0x00000000eeb00000,0x00000000ef280000)
 ParOldGen       total 44032K, used 26024K [0x00000000c0000000, 0x00000000c2b00000, 0x00000000eab00000)
  object space 44032K, 59% used [0x00000000c0000000,0x00000000c196a1f8,0x00000000c2b00000)
 Metaspace       used 4671K, capacity 5424K, committed 5632K, reserved 1056768K
  class space    used 478K, capacity 488K, committed 512K, reserved 1048576K
Event: 2.441 GC heap after
Heap after GC invocations=9 (full 0):
 PSYoungGen      total 73216K, used 2804K [0x00000000eab00000, 0x00000000efa00000, 0x0000000100000000)
  eden space 65536K, 0% used [0x00000000eab00000,0x00000000eab00000,0x00000000eeb00000)
  from space 7680K, 36% used [0x00000000eeb00000,0x00000000eedbd300,0x00000000ef280000)
  to   space 7168K, 0% used [0x00000000ef300000,0x00000000ef300000,0x00000000efa00000)
 ParOldGen       total 52736K, used 52615K [0x00000000c0000000, 0x00000000c3380000, 0x00000000eab00000)
  object space 52736K, 99% used [0x00000000c0000000,0x00000000c3361ea0,0x00000000c3380000)
 Metaspace       used 4671K, capacity 5424K, committed 5632K, reserved 1056768K
  class space    used 478K, capacity 488K, committed 512K, reserved 1048576K
}
Event: 2.441 GC heap before
{Heap before GC invocations=10 (full 1):
 PSYoungGen      total 73216K, used 2804K [0x00000000eab00000, 0x00000000efa00000, 0x0000000100000000)
  eden space 65536K, 0% used [0x00000000eab00000,0x00000000eab00000,0x00000000eeb00000)
  from space 7680K, 36% used [0x00000000eeb00000,0x00000000eedbd300,0x00000000ef280000)
  to   space 7168K, 0% used [0x00000000ef300000,0x00000000ef300000,0x00000000efa00000)
 ParOldGen       total 52736K, used 52615K [0x00000000c0000000, 0x00000000c3380000, 0x00000000eab00000)
  object space 52736K, 99% used [0x00000000c0000000,0x00000000c3361ea0,0x00000000c3380000)
 Metaspace       used 4671K, capacity 5424K, committed 5632K, reserved 1056768K
  class space    used 478K, capacity 488K, committed 512K, reserved 1048576K
Event: 2.481 GC heap after
Heap after GC invocations=10 (full 1):
 PSYoungGen      total 73216K, used 0K [0x00000000eab00000, 0x00000000efa00000, 0x0000000100000000)
  eden space 65536K, 0% used [0x00000000eab00000,0x00000000eab00000,0x00000000eeb00000)
  from space 7680K, 0% used [0x00000000eeb00000,0x00000000eeb00000,0x00000000ef280000)
  to   space 7168K, 0% used [0x00000000ef300000,0x00000000ef300000,0x00000000efa00000)
 ParOldGen       total 52736K, used 35841K [0x00000000c0000000, 0x00000000c3380000, 0x00000000eab00000)
  object space 52736K, 67% used [0x00000000c0000000,0x00000000c23004b8,0x00000000c3380000)
 Metaspace       used 4671K, capacity 5424K, committed 5632K, reserved 1056768K
  class space    used 478K, capacity 488K, committed 512K, reserved 1048576K
}
Event: 2.737 GC heap before
{Heap before GC invocations=11 (full 1):
 PSYoungGen      total 73216K, used 65536K [0x00000000eab00000, 0x00000000efa00000, 0x0000000100000000)
  eden space 65536K, 100% used [0x00000000eab00000,0x00000000eeb00000,0x00000000eeb00000)
  from space 7680K, 0% used [0x00000000eeb00000,0x00000000eeb00000,0x00000000ef280000)
  to   space 7168K, 0% used [0x00000000ef300000,0x00000000ef300000,0x00000000efa00000)
 ParOldGen       total 52736K, used 35841K [0x00000000c0000000, 0x00000000c3380000, 0x00000000eab00000)
  object space 52736K, 67% used [0x00000000c0000000,0x00000000c23004b8,0x00000000c3380000)
 Metaspace       used 4684K, capacity 5424K, committed 5632K, reserved 1056768K
  class space    used 479K, capacity 488K, committed 512K, reserved 1048576K
Event: 2.746 GC heap after
Heap after GC invocations=11 (full 1):
 PSYoungGen      total 72704K, used 2974K [0x00000000eab00000, 0x00000000efa00000, 0x0000000100000000)
  eden space 65536K, 0% used [0x00000000eab00000,0x00000000eab00000,0x00000000eeb00000)
  from space 7168K, 41% used [0x00000000ef300000,0x00000000ef5e7900,0x00000000efa00000)
  to   space 7680K, 0% used [0x00000000eeb00000,0x00000000eeb00000,0x00000000ef280000)
 ParOldGen       total 52736K, used 35841K [0x00000000c0000000, 0x00000000c3380000, 0x00000000eab00000)
  object space 52736K, 67% used [0x00000000c0000000,0x00000000c23004b8,0x00000000c3380000)
 Metaspace       used 4684K, capacity 5424K, committed 5632K, reserved 1056768K
  class space    used 479K, capacity 488K, committed 512K, reserved 1048576K
}
Event: 2.943 GC heap before
{Heap before GC invocations=12 (full 1):
 PSYoungGen      total 72704K, used 68510K [0x00000000eab00000, 0x00000000efa00000, 0x0000000100000000)
  eden space 65536K, 100% used [0x00000000eab00000,0x00000000eeb00000,0x00000000eeb00000)
  from space 7168K, 41% used [0x00000000ef300000,0x00000000ef5e7900,0x00000000efa00000)
  to   space 7680K, 0% used [0x00000000eeb00000,0x00000000eeb00000,0x00000000ef280000)
 ParOldGen       total 52736K, used 35841K [0x00000000c0000000, 0x00000000c3380000, 0x00000000eab00000)
  object space 52736K, 67% used [0x00000000c0000000,0x00000000c23004b8,0x00000000c3380000)
 Metaspace       used 4684K, capacity 5424K, committed 5632K, reserved 1056768K
  class space    used 479K, capacity 488K, committed 512K, reserved 1048576K
Event: 2.950 GC heap after
Heap after GC invocations=12 (full 1):
 PSYoungGen      total 73216K, used 32K [0x00000000eab00000, 0x00000000efa00000, 0x0000000100000000)
  eden space 65536K, 0% used [0x00000000eab00000,0x00000000eab00000,0x00000000eeb00000)
  from space 7680K, 0% used [0x00000000eeb00000,0x00000000eeb08000,0x00000000ef280000)
  to   space 7168K, 0% used [0x00000000ef300000,0x00000000ef300000,0x00000000efa00000)
 ParOldGen       total 52736K, used 38767K [0x00000000c0000000, 0x00000000c3380000, 0x00000000eab00000)
  object space 52736K, 73% used [0x00000000c0000000,0x00000000c25dbdd8,0x00000000c3380000)
 Metaspace       used 4684K, capacity 5424K, committed 5632K, reserved 1056768K
  class space    used 479K, capacity 488K, committed 512K, reserved 1048576K
}
Event: 2.950 GC heap before
{Heap before GC invocations=13 (full 2):
 PSYoungGen      total 73216K, used 32K [0x00000000eab00000, 0x00000000efa00000, 0x0000000100000000)
  eden space 65536K, 0% used [0x00000000eab00000,0x00000000eab00000,0x00000000eeb00000)
  from space 7680K, 0% used [0x00000000eeb00000,0x00000000eeb08000,0x00000000ef280000)
  to   space 7168K, 0% used [0x00000000ef300000,0x00000000ef300000,0x00000000efa00000)
 ParOldGen       total 52736K, used 38767K [0x00000000c0000000, 0x00000000c3380000, 0x00000000eab00000)
  object space 52736K, 73% used [0x00000000c0000000,0x00000000c25dbdd8,0x00000000c3380000)
 Metaspace       used 4684K, capacity 5424K, committed 5632K, reserved 1056768K
  class space    used 479K, capacity 488K, committed 512K, reserved 1048576K

