# JRE version: OpenJDK Runtime Environment (8.0_76-b03) (build 1.8.0_76-release-b03)
# Java VM: OpenJDK 64-Bit Server VM (25.76-b03 mixed mode windows-amd64 compressed oops)
Heap:
 PSYoungGen      total 435200K, used 139154K [0x000000076ab00000, 0x000000078f080000, 0x00000007c0000000)
  eden space 331264K, 42% used [0x000000076ab00000,0x00000007732e4a88,0x000000077ee80000)
  from space 103936K, 0% used [0x0000000786400000,0x0000000786400000,0x000000078c980000)
  to   space 120320K, 0% used [0x000000077ee80000,0x000000077ee80000,0x0000000786400000)
 ParOldGen       total 506880K, used 506837K [0x00000006c0000000, 0x00000006def00000, 0x000000076ab00000)
  object space 506880K, 99% used [0x00000006c0000000,0x00000006deef56c8,0x00000006def00000)
 Metaspace       used 6432K, capacity 7280K, committed 7552K, reserved 1056768K
  class space    used 587K, capacity 616K, committed 640K, reserved 1048576K
GC Heap History (10 events):
Event: 29.274 GC heap before
{Heap before GC invocations=25 (full 5):
 PSYoungGen      total 395776K, used 371475K [0x000000076ab00000, 0x0000000788480000, 0x00000007c0000000)
  eden space 315904K, 100% used [0x000000076ab00000,0x000000077df80000,0x000000077df80000)
  from space 79872K, 69% used [0x0000000783180000,0x00000007867c4e78,0x0000000787f80000)
  to   space 83968K, 0% used [0x000000077df80000,0x000000077df80000,0x0000000783180000)
 ParOldGen       total 478208K, used 327249K [0x00000006c0000000, 0x00000006dd300000, 0x000000076ab00000)
  object space 478208K, 68% used [0x00000006c0000000,0x00000006d3f94668,0x00000006dd300000)
 Metaspace       used 6422K, capacity 7280K, committed 7552K, reserved 1056768K
  class space    used 586K, capacity 616K, committed 640K, reserved 1048576K
Event: 29.405 GC heap after
Heap after GC invocations=25 (full 5):
 PSYoungGen      total 399872K, used 83942K [0x000000076ab00000, 0x000000078c980000, 0x00000007c0000000)
  eden space 315904K, 0% used [0x000000076ab00000,0x000000076ab00000,0x000000077df80000)
  from space 83968K, 99% used [0x000000077df80000,0x00000007831799e0,0x0000000783180000)
  to   space 103936K, 0% used [0x0000000786400000,0x0000000786400000,0x000000078c980000)
 ParOldGen       total 478208K, used 343640K [0x00000006c0000000, 0x00000006dd300000, 0x000000076ab00000)
  object space 478208K, 71% used [0x00000006c0000000,0x00000006d4f96220,0x00000006dd300000)
 Metaspace       used 6422K, capacity 7280K, committed 7552K, reserved 1056768K
  class space    used 586K, capacity 616K, committed 640K, reserved 1048576K
}
Event: 30.629 GC heap before
{Heap before GC invocations=26 (full 5):
 PSYoungGen      total 399872K, used 399846K [0x000000076ab00000, 0x000000078c980000, 0x00000007c0000000)
  eden space 315904K, 100% used [0x000000076ab00000,0x000000077df80000,0x000000077df80000)
  from space 83968K, 99% used [0x000000077df80000,0x00000007831799e0,0x0000000783180000)
  to   space 103936K, 0% used [0x0000000786400000,0x0000000786400000,0x000000078c980000)
 ParOldGen       total 478208K, used 343640K [0x00000006c0000000, 0x00000006dd300000, 0x000000076ab00000)
  object space 478208K, 71% used [0x00000006c0000000,0x00000006d4f96220,0x00000006dd300000)
 Metaspace       used 6422K, capacity 7280K, committed 7552K, reserved 1056768K
  class space    used 586K, capacity 616K, committed 640K, reserved 1048576K
Event: 30.932 GC heap after
Heap after GC invocations=26 (full 5):
 PSYoungGen      total 435200K, used 100394K [0x000000076ab00000, 0x000000078f080000, 0x00000007c0000000)
  eden space 331264K, 0% used [0x000000076ab00000,0x000000076ab00000,0x000000077ee80000)
  from space 103936K, 96% used [0x0000000786400000,0x000000078c60a8d0,0x000000078c980000)
  to   space 120320K, 0% used [0x000000077ee80000,0x000000077ee80000,0x0000000786400000)
 ParOldGen       total 478208K, used 390370K [0x00000006c0000000, 0x00000006dd300000, 0x000000076ab00000)
  object space 478208K, 81% used [0x00000006c0000000,0x00000006d7d38a98,0x00000006dd300000)
 Metaspace       used 6422K, capacity 7280K, committed 7552K, reserved 1056768K
  class space    used 586K, capacity 616K, committed 640K, reserved 1048576K
}
Event: 31.440 GC heap before
{Heap before GC invocations=27 (full 5):
 PSYoungGen      total 435200K, used 431658K [0x000000076ab00000, 0x000000078f080000, 0x00000007c0000000)
  eden space 331264K, 100% used [0x000000076ab00000,0x000000077ee80000,0x000000077ee80000)
  from space 103936K, 96% used [0x0000000786400000,0x000000078c60a8d0,0x000000078c980000)
  to   space 120320K, 0% used [0x000000077ee80000,0x000000077ee80000,0x0000000786400000)
 ParOldGen       total 478208K, used 390370K [0x00000006c0000000, 0x00000006dd300000, 0x000000076ab00000)
  object space 478208K, 81% used [0x00000006c0000000,0x00000006d7d38a98,0x00000006dd300000)
 Metaspace       used 6431K, capacity 7280K, committed 7552K, reserved 1056768K
  class space    used 587K, capacity 616K, committed 640K, reserved 1048576K
Event: 31.892 GC heap after
Heap after GC invocations=27 (full 5):
 PSYoungGen      total 435200K, used 431658K [0x000000076ab00000, 0x000000078f080000, 0x00000007c0000000)
  eden space 331264K, 100% used [0x000000076ab00000,0x000000077ee80000,0x000000077ee80000)
  from space 103936K, 96% used [0x0000000786400000,0x000000078c60a8d0,0x000000078c980000)
  to   space 120320K, 99% used [0x000000077ee80000,0x00000007863fd0c8,0x0000000786400000)
 ParOldGen       total 506880K, used 506252K [0x00000006c0000000, 0x00000006def00000, 0x000000076ab00000)
  object space 506880K, 99% used [0x00000006c0000000,0x00000006dee63000,0x00000006def00000)
 Metaspace       used 6431K, capacity 7280K, committed 7552K, reserved 1056768K
  class space    used 587K, capacity 616K, committed 640K, reserved 1048576K
}
Event: 31.892 GC heap before
{Heap before GC invocations=28 (full 6):
 PSYoungGen      total 435200K, used 431658K [0x000000076ab00000, 0x000000078f080000, 0x00000007c0000000)
  eden space 331264K, 100% used [0x000000076ab00000,0x000000077ee80000,0x000000077ee80000)
  from space 103936K, 96% used [0x0000000786400000,0x000000078c60a8d0,0x000000078c980000)
  to   space 120320K, 99% used [0x000000077ee80000,0x00000007863fd0c8,0x0000000786400000)
 ParOldGen       total 506880K, used 506252K [0x00000006c0000000, 0x00000006def00000, 0x000000076ab00000)
  object space 506880K, 99% used [0x00000006c0000000,0x00000006dee63000,0x00000006def00000)
 Metaspace       used 6431K, capacity 7280K, committed 7552K, reserved 1056768K
  class space    used 587K, capacity 616K, committed 640K, reserved 1048576K
Event: 35.530 GC heap after
Heap after GC invocations=28 (full 6):
 PSYoungGen      total 435200K, used 126380K [0x000000076ab00000, 0x000000078f080000, 0x00000007c0000000)
  eden space 331264K, 38% used [0x000000076ab00000,0x000000077266b320,0x000000077ee80000)
  from space 103936K, 0% used [0x0000000786400000,0x0000000786400000,0x000000078c980000)
  to   space 120320K, 0% used [0x000000077ee80000,0x000000077ee80000,0x0000000786400000)
 ParOldGen       total 506880K, used 506610K [0x00000006c0000000, 0x00000006def00000, 0x000000076ab00000)
  object space 506880K, 99% used [0x00000006c0000000,0x00000006deebc988,0x00000006def00000)
 Metaspace       used 6431K, capacity 7280K, committed 7552K, reserved 1056768K
  class space    used 587K, capacity 616K, committed 640K, reserved 1048576K
}
Event: 36.048 GC heap before
{Heap before GC invocations=29 (full 7):
 PSYoungGen      total 435200K, used 331264K [0x000000076ab00000, 0x000000078f080000, 0x00000007c0000000)
  eden space 331264K, 100% used [0x000000076ab00000,0x000000077ee80000,0x000000077ee80000)
  from space 103936K, 0% used [0x0000000786400000,0x0000000786400000,0x000000078c980000)
  to   space 120320K, 0% used [0x000000077ee80000,0x000000077ee80000,0x0000000786400000)
 ParOldGen       total 506880K, used 506610K [0x00000006c0000000, 0x00000006def00000, 0x000000076ab00000)
  object space 506880K, 99% used [0x00000006c0000000,0x00000006deebc988,0x00000006def00000)
 Metaspace       used 6432K, capacity 7280K, committed 7552K, reserved 1056768K
  class space    used 587K, capacity 616K, committed 640K, reserved 1048576K
Event: 37.913 GC heap after
Heap after GC invocations=29 (full 7):
 PSYoungGen      total 435200K, used 6820K [0x000000076ab00000, 0x000000078f080000, 0x00000007c0000000)
  eden space 331264K, 2% used [0x000000076ab00000,0x000000076b1a91b0,0x000000077ee80000)
  from space 103936K, 0% used [0x0000000786400000,0x0000000786400000,0x000000078c980000)
  to   space 120320K, 0% used [0x000000077ee80000,0x000000077ee80000,0x0000000786400000)
 ParOldGen       total 506880K, used 506837K [0x00000006c0000000, 0x00000006def00000, 0x000000076ab00000)
  object space 506880K, 99% used [0x00000006c0000000,0x00000006deef56c8,0x00000006def00000)
 Metaspace       used 6432K, capacity 7280K, committed 7552K, reserved 1056768K
  class space    used 587K, capacity 616K, committed 640K, reserved 1048576K
}

